  [1m[35m (326.3ms)[0m  [1m[35mCREATE DATABASE "Milky-Way_development" ENCODING = 'unicode'[0m
  ↳ bin/rails:9
  [1m[35m (286.5ms)[0m  [1m[35mCREATE DATABASE "Milky-Way_test" ENCODING = 'unicode'[0m
  ↳ bin/rails:9
  [1m[35m (25.3ms)[0m  [1m[35mCREATE TABLE "schema_migrations" ("version" character varying NOT NULL PRIMARY KEY)[0m
  ↳ bin/rails:9
  [1m[35m (6.4ms)[0m  [1m[35mCREATE TABLE "ar_internal_metadata" ("key" character varying NOT NULL PRIMARY KEY, "value" character varying, "created_at" timestamp NOT NULL, "updated_at" timestamp NOT NULL)[0m
  ↳ bin/rails:9
  [1m[35m (1.5ms)[0m  [1m[34mSELECT pg_try_advisory_lock(5381952802427419155)[0m
  ↳ bin/rails:9
  [1m[35m (2.7ms)[0m  [1m[34mSELECT "schema_migrations"."version" FROM "schema_migrations" ORDER BY "schema_migrations"."version" ASC[0m
  ↳ bin/rails:9
Migrating to CreateSolarSystemhs (20190502090819)
  [1m[35m (2.6ms)[0m  [1m[34mSELECT pg_advisory_unlock(5381952802427419155)[0m
  ↳ bin/rails:9
  [1m[35m (0.3ms)[0m  [1m[34mSELECT pg_try_advisory_lock(5381952802427419155)[0m
  ↳ bin/rails:9
  [1m[35m (0.8ms)[0m  [1m[34mSELECT "schema_migrations"."version" FROM "schema_migrations" ORDER BY "schema_migrations"."version" ASC[0m
  ↳ bin/rails:9
Migrating to CreateSolarSystems (20190502090819)
  [1m[35m (0.3ms)[0m  [1m[35mBEGIN[0m
  ↳ bin/rails:9
  [1m[35m (15.0ms)[0m  [1m[35mCREATE TABLE "solar_systems" ("id" bigserial primary key, "name" character varying, "created_at" timestamp NOT NULL, "updated_at" timestamp NOT NULL)[0m
  ↳ db/migrate/20190502090819_create_solar_systems.rb:3
  [1m[36mActiveRecord::SchemaMigration Create (0.7ms)[0m  [1m[32mINSERT INTO "schema_migrations" ("version") VALUES ($1) RETURNING "version"[0m  [["version", "20190502090819"]]
  ↳ bin/rails:9
  [1m[35m (1.2ms)[0m  [1m[35mCOMMIT[0m
  ↳ bin/rails:9
Migrating to CreatePlanets (20190502091005)
  [1m[35m (0.4ms)[0m  [1m[35mBEGIN[0m
  ↳ bin/rails:9
  [1m[35m (8.0ms)[0m  [1m[35mCREATE TABLE "planets" ("id" bigserial primary key, "name" character varying, "solar_system_id" integer, "diameter" integer, "mass" float, "orbital_period" integer, "day_length" integer, "gravity" float, "sun_distance" float, "temperature" integer, "atmosphere" float, "created_at" timestamp NOT NULL, "updated_at" timestamp NOT NULL)[0m
  ↳ db/migrate/20190502091005_create_planets.rb:3
  [1m[36mActiveRecord::SchemaMigration Create (0.8ms)[0m  [1m[32mINSERT INTO "schema_migrations" ("version") VALUES ($1) RETURNING "version"[0m  [["version", "20190502091005"]]
  ↳ bin/rails:9
  [1m[35m (1.5ms)[0m  [1m[35mCOMMIT[0m
  ↳ bin/rails:9
Migrating to CreateMoons (20190502091023)
  [1m[35m (0.3ms)[0m  [1m[35mBEGIN[0m
  ↳ bin/rails:9
  [1m[35m (0.2ms)[0m  [1m[31mROLLBACK[0m
  ↳ bin/rails:9
  [1m[35m (0.3ms)[0m  [1m[34mSELECT pg_advisory_unlock(5381952802427419155)[0m
  ↳ bin/rails:9
  [1m[35m (0.9ms)[0m  [1m[34mSELECT "schema_migrations"."version" FROM "schema_migrations" ORDER BY "schema_migrations"."version" ASC[0m
  ↳ bin/rails:9
  [1m[35m (0.3ms)[0m  [1m[34mSELECT "schema_migrations"."version" FROM "schema_migrations" ORDER BY "schema_migrations"."version" ASC[0m
  ↳ bin/rails:9
  [1m[35m (0.5ms)[0m  [1m[34mSELECT "schema_migrations"."version" FROM "schema_migrations" ORDER BY "schema_migrations"."version" ASC[0m
  ↳ bin/rails:9
  [1m[35m (0.4ms)[0m  [1m[34mSELECT pg_try_advisory_lock(5381952802427419155)[0m
  ↳ bin/rails:9
  [1m[35m (0.3ms)[0m  [1m[34mSELECT "schema_migrations"."version" FROM "schema_migrations" ORDER BY "schema_migrations"."version" ASC[0m
  ↳ bin/rails:9
Migrating to CreatePlanets (20190502091005)
  [1m[35m (0.2ms)[0m  [1m[35mBEGIN[0m
  ↳ bin/rails:9
  [1m[35m (5.5ms)[0m  [1m[35mDROP TABLE "planets"[0m
  ↳ bin/rails:9
  [1m[36mActiveRecord::SchemaMigration Destroy (0.9ms)[0m  [1m[31mDELETE FROM "schema_migrations" WHERE "schema_migrations"."version" = $1[0m  [["version", "20190502091005"]]
  ↳ bin/rails:9
  [1m[35m (4.2ms)[0m  [1m[35mCOMMIT[0m
  ↳ bin/rails:9
  [1m[35m (0.3ms)[0m  [1m[34mSELECT pg_advisory_unlock(5381952802427419155)[0m
  ↳ bin/rails:9
  [1m[35m (0.3ms)[0m  [1m[34mSELECT "schema_migrations"."version" FROM "schema_migrations" ORDER BY "schema_migrations"."version" ASC[0m
  ↳ bin/rails:9
  [1m[35m (0.9ms)[0m  [1m[34mSELECT "schema_migrations"."version" FROM "schema_migrations" ORDER BY "schema_migrations"."version" ASC[0m
  ↳ bin/rails:9
  [1m[35m (0.3ms)[0m  [1m[34mSELECT "schema_migrations"."version" FROM "schema_migrations" ORDER BY "schema_migrations"."version" ASC[0m
  ↳ bin/rails:9
  [1m[35m (0.3ms)[0m  [1m[34mSELECT "schema_migrations"."version" FROM "schema_migrations" ORDER BY "schema_migrations"."version" ASC[0m
  ↳ bin/rails:9
  [1m[35m (0.4ms)[0m  [1m[34mSELECT pg_try_advisory_lock(5381952802427419155)[0m
  ↳ bin/rails:9
  [1m[35m (0.4ms)[0m  [1m[34mSELECT "schema_migrations"."version" FROM "schema_migrations" ORDER BY "schema_migrations"."version" ASC[0m
  ↳ bin/rails:9
Migrating to CreateSolarSystems (20190502090819)
  [1m[35m (0.2ms)[0m  [1m[35mBEGIN[0m
  ↳ bin/rails:9
  [1m[35m (2.3ms)[0m  [1m[35mDROP TABLE "solar_systems"[0m
  ↳ bin/rails:9
  [1m[36mActiveRecord::SchemaMigration Destroy (0.6ms)[0m  [1m[31mDELETE FROM "schema_migrations" WHERE "schema_migrations"."version" = $1[0m  [["version", "20190502090819"]]
  ↳ bin/rails:9
  [1m[35m (2.5ms)[0m  [1m[35mCOMMIT[0m
  ↳ bin/rails:9
  [1m[35m (0.3ms)[0m  [1m[34mSELECT pg_advisory_unlock(5381952802427419155)[0m
  ↳ bin/rails:9
  [1m[35m (0.6ms)[0m  [1m[34mSELECT "schema_migrations"."version" FROM "schema_migrations" ORDER BY "schema_migrations"."version" ASC[0m
  ↳ bin/rails:9
  [1m[35m (1.0ms)[0m  [1m[34mSELECT "schema_migrations"."version" FROM "schema_migrations" ORDER BY "schema_migrations"."version" ASC[0m
  ↳ bin/rails:9
  [1m[35m (0.3ms)[0m  [1m[34mSELECT "schema_migrations"."version" FROM "schema_migrations" ORDER BY "schema_migrations"."version" ASC[0m
  ↳ bin/rails:9
  [1m[35m (0.3ms)[0m  [1m[34mSELECT pg_try_advisory_lock(5381952802427419155)[0m
  ↳ bin/rails:9
  [1m[35m (0.5ms)[0m  [1m[34mSELECT "schema_migrations"."version" FROM "schema_migrations" ORDER BY "schema_migrations"."version" ASC[0m
  ↳ bin/rails:9
  [1m[35m (0.3ms)[0m  [1m[34mSELECT pg_advisory_unlock(5381952802427419155)[0m
  ↳ bin/rails:9
  [1m[35m (0.3ms)[0m  [1m[34mSELECT "schema_migrations"."version" FROM "schema_migrations" ORDER BY "schema_migrations"."version" ASC[0m
  ↳ bin/rails:9
  [1m[35m (0.2ms)[0m  [1m[34mSELECT pg_try_advisory_lock(5381952802427419155)[0m
  ↳ bin/rails:9
  [1m[35m (1.1ms)[0m  [1m[34mSELECT "schema_migrations"."version" FROM "schema_migrations" ORDER BY "schema_migrations"."version" ASC[0m
  ↳ bin/rails:9
Migrating to CreateSolarSystems (20190502090819)
  [1m[35m (0.3ms)[0m  [1m[35mBEGIN[0m
  ↳ bin/rails:9
  [1m[35m (10.4ms)[0m  [1m[35mCREATE TABLE "solar_systems" ("id" bigserial primary key, "name" character varying, "created_at" timestamp NOT NULL, "updated_at" timestamp NOT NULL)[0m
  ↳ db/migrate/20190502090819_create_solar_systems.rb:3
  [1m[36mActiveRecord::SchemaMigration Create (0.8ms)[0m  [1m[32mINSERT INTO "schema_migrations" ("version") VALUES ($1) RETURNING "version"[0m  [["version", "20190502090819"]]
  ↳ bin/rails:9
  [1m[35m (1.5ms)[0m  [1m[35mCOMMIT[0m
  ↳ bin/rails:9
Migrating to CreatePlanets (20190502091005)
  [1m[35m (0.6ms)[0m  [1m[35mBEGIN[0m
  ↳ bin/rails:9
  [1m[35m (10.2ms)[0m  [1m[35mCREATE TABLE "planets" ("id" bigserial primary key, "name" character varying, "solar_system_id" integer, "diameter" integer, "mass" float, "orbital_period" integer, "day_length" integer, "gravity" float, "sun_distance" float, "temperature" integer, "atmosphere" float, "created_at" timestamp NOT NULL, "updated_at" timestamp NOT NULL)[0m
  ↳ db/migrate/20190502091005_create_planets.rb:3
  [1m[36mActiveRecord::SchemaMigration Create (0.8ms)[0m  [1m[32mINSERT INTO "schema_migrations" ("version") VALUES ($1) RETURNING "version"[0m  [["version", "20190502091005"]]
  ↳ bin/rails:9
  [1m[35m (1.8ms)[0m  [1m[35mCOMMIT[0m
  ↳ bin/rails:9
Migrating to CreateMoons (20190502091023)
  [1m[35m (0.5ms)[0m  [1m[35mBEGIN[0m
  ↳ bin/rails:9
  [1m[35m (11.9ms)[0m  [1m[35mCREATE TABLE "moons" ("id" bigserial primary key, "name" character varying, "planet_id" integer, "created_at" timestamp NOT NULL, "updated_at" timestamp NOT NULL)[0m
  ↳ db/migrate/20190502091023_create_moons.rb:3
  [1m[36mActiveRecord::SchemaMigration Create (0.4ms)[0m  [1m[32mINSERT INTO "schema_migrations" ("version") VALUES ($1) RETURNING "version"[0m  [["version", "20190502091023"]]
  ↳ bin/rails:9
  [1m[35m (0.4ms)[0m  [1m[35mCOMMIT[0m
  ↳ bin/rails:9
  [1m[36mActiveRecord::InternalMetadata Load (1.7ms)[0m  [1m[34mSELECT  "ar_internal_metadata".* FROM "ar_internal_metadata" WHERE "ar_internal_metadata"."key" = $1 LIMIT $2[0m  [["key", "environment"], ["LIMIT", 1]]
  ↳ bin/rails:9
  [1m[35m (0.2ms)[0m  [1m[35mBEGIN[0m
  ↳ bin/rails:9
  [1m[36mActiveRecord::InternalMetadata Create (1.0ms)[0m  [1m[32mINSERT INTO "ar_internal_metadata" ("key", "value", "created_at", "updated_at") VALUES ($1, $2, $3, $4) RETURNING "key"[0m  [["key", "environment"], ["value", "development"], ["created_at", "2019-05-02 10:20:12.462779"], ["updated_at", "2019-05-02 10:20:12.462779"]]
  ↳ bin/rails:9
  [1m[35m (1.2ms)[0m  [1m[35mCOMMIT[0m
  ↳ bin/rails:9
  [1m[35m (0.3ms)[0m  [1m[34mSELECT pg_advisory_unlock(5381952802427419155)[0m
  ↳ bin/rails:9
  [1m[35m (1.1ms)[0m  [1m[34mSELECT "schema_migrations"."version" FROM "schema_migrations" ORDER BY "schema_migrations"."version" ASC[0m
  ↳ bin/rails:9
Started GET "/" for ::1 at 2019-05-02 11:20:35 +0100
  [1m[35m (1.6ms)[0m  [1m[34mSELECT "schema_migrations"."version" FROM "schema_migrations" ORDER BY "schema_migrations"."version" ASC[0m
  ↳ /Users/flatiron/.rvm/gems/ruby-2.4.1/gems/activerecord-5.2.3/lib/active_record/log_subscriber.rb:98
Processing by Rails::WelcomeController#index as HTML
  Rendering /Users/flatiron/.rvm/gems/ruby-2.4.1/gems/railties-5.2.3/lib/rails/templates/rails/welcome/index.html.erb
  Rendered /Users/flatiron/.rvm/gems/ruby-2.4.1/gems/railties-5.2.3/lib/rails/templates/rails/welcome/index.html.erb (8.3ms)
Completed 200 OK in 69ms (Views: 61.2ms | ActiveRecord: 0.0ms)


Started GET "/planets" for ::1 at 2019-05-02 11:20:41 +0100
Processing by PlanetsController#index as HTML
[active_model_serializers] Rendered ActiveModel::Serializer::Null with Class (0.77ms)
Completed 200 OK in 56ms (Views: 46.4ms | ActiveRecord: 0.0ms)


Started GET "/solar_systems" for ::1 at 2019-05-02 11:21:05 +0100
  
ActionController::RoutingError (No route matches [GET] "/solar_systems"):
  
actionpack (5.2.3) lib/action_dispatch/middleware/debug_exceptions.rb:65:in `call'
web-console (3.7.0) lib/web_console/middleware.rb:135:in `call_app'
web-console (3.7.0) lib/web_console/middleware.rb:30:in `block in call'
web-console (3.7.0) lib/web_console/middleware.rb:20:in `catch'
web-console (3.7.0) lib/web_console/middleware.rb:20:in `call'
actionpack (5.2.3) lib/action_dispatch/middleware/show_exceptions.rb:33:in `call'
railties (5.2.3) lib/rails/rack/logger.rb:38:in `call_app'
railties (5.2.3) lib/rails/rack/logger.rb:26:in `block in call'
activesupport (5.2.3) lib/active_support/tagged_logging.rb:71:in `block in tagged'
activesupport (5.2.3) lib/active_support/tagged_logging.rb:28:in `tagged'
activesupport (5.2.3) lib/active_support/tagged_logging.rb:71:in `tagged'
railties (5.2.3) lib/rails/rack/logger.rb:26:in `call'
sprockets-rails (3.2.1) lib/sprockets/rails/quiet_assets.rb:13:in `call'
actionpack (5.2.3) lib/action_dispatch/middleware/remote_ip.rb:81:in `call'
actionpack (5.2.3) lib/action_dispatch/middleware/request_id.rb:27:in `call'
rack (2.0.7) lib/rack/runtime.rb:22:in `call'
activesupport (5.2.3) lib/active_support/cache/strategy/local_cache_middleware.rb:29:in `call'
actionpack (5.2.3) lib/action_dispatch/middleware/executor.rb:14:in `call'
actionpack (5.2.3) lib/action_dispatch/middleware/static.rb:127:in `call'
rack (2.0.7) lib/rack/sendfile.rb:111:in `call'
rack-cors (1.0.3) lib/rack/cors.rb:95:in `call'
railties (5.2.3) lib/rails/engine.rb:524:in `call'
puma (3.12.1) lib/puma/configuration.rb:227:in `call'
puma (3.12.1) lib/puma/server.rb:660:in `handle_request'
puma (3.12.1) lib/puma/server.rb:474:in `process_client'
puma (3.12.1) lib/puma/server.rb:334:in `block in run'
puma (3.12.1) lib/puma/thread_pool.rb:135:in `block in spawn_thread'
Started GET "/solar_systems" for ::1 at 2019-05-02 11:21:18 +0100
Processing by SolarSystemsController#index as HTML
  [1m[36mSolarSystem Load (1.9ms)[0m  [1m[34mSELECT "solar_systems".* FROM "solar_systems"[0m
  ↳ app/controllers/solar_systems_controller.rb:4
[active_model_serializers] Rendered ActiveModel::Serializer::CollectionSerializer with ActiveModelSerializers::Adapter::Attributes (1.98ms)
Completed 200 OK in 30ms (Views: 18.2ms | ActiveRecord: 6.6ms)


Started GET "/solar_systems" for ::1 at 2019-05-02 11:23:46 +0100
  [1m[35m (0.8ms)[0m  [1m[34mSELECT "schema_migrations"."version" FROM "schema_migrations" ORDER BY "schema_migrations"."version" ASC[0m
  ↳ /Users/flatiron/.rvm/gems/ruby-2.4.1/gems/activerecord-5.2.3/lib/active_record/log_subscriber.rb:98
Processing by SolarSystemsController#index as HTML
  [1m[36mSolarSystem Load (0.8ms)[0m  [1m[34mSELECT "solar_systems".* FROM "solar_systems"[0m
  ↳ app/controllers/solar_systems_controller.rb:4
[active_model_serializers] Rendered ActiveModel::Serializer::CollectionSerializer with ActiveModelSerializers::Adapter::Attributes (0.29ms)
Completed 200 OK in 21ms (Views: 14.3ms | ActiveRecord: 3.4ms)


  [1m[35m (0.9ms)[0m  [1m[34mSELECT "schema_migrations"."version" FROM "schema_migrations" ORDER BY "schema_migrations"."version" ASC[0m
  ↳ bin/rails:9
  [1m[35m (4.2ms)[0m  [1m[34mSELECT "schema_migrations"."version" FROM "schema_migrations" ORDER BY "schema_migrations"."version" ASC[0m
  ↳ bin/rails:9
  [1m[35m (0.2ms)[0m  [1m[35mBEGIN[0m
  ↳ db/seeds.rb:9
  [1m[36mSolarSystem Create (4.3ms)[0m  [1m[32mINSERT INTO "solar_systems" ("name", "created_at", "updated_at") VALUES ($1, $2, $3) RETURNING "id"[0m  [["name", "Milky Way"], ["created_at", "2019-05-02 10:28:02.459367"], ["updated_at", "2019-05-02 10:28:02.459367"]]
  ↳ db/seeds.rb:9
  [1m[35m (1.3ms)[0m  [1m[35mCOMMIT[0m
  ↳ db/seeds.rb:9
  [1m[35m (1.5ms)[0m  [1m[34mSELECT "schema_migrations"."version" FROM "schema_migrations" ORDER BY "schema_migrations"."version" ASC[0m
  ↳ bin/rails:9
  [1m[35m (0.3ms)[0m  [1m[35mBEGIN[0m
  ↳ db/seeds.rb:9
  [1m[36mSolarSystem Create (0.7ms)[0m  [1m[32mINSERT INTO "solar_systems" ("name", "created_at", "updated_at") VALUES ($1, $2, $3) RETURNING "id"[0m  [["name", "Milky Way"], ["created_at", "2019-05-02 10:28:17.039972"], ["updated_at", "2019-05-02 10:28:17.039972"]]
  ↳ db/seeds.rb:9
  [1m[35m (42.2ms)[0m  [1m[35mCOMMIT[0m
  ↳ db/seeds.rb:9
  [1m[35m (0.2ms)[0m  [1m[35mBEGIN[0m
  ↳ db/seeds.rb:11
  [1m[36mPlanet Create (43.4ms)[0m  [1m[32mINSERT INTO "planets" ("name", "solar_system_id", "diameter", "mass", "orbital_period", "day_length", "gravity", "sun_distance", "temperature", "atmosphere", "created_at", "updated_at") VALUES ($1, $2, $3, $4, $5, $6, $7, $8, $9, $10, $11, $12) RETURNING "id"[0m  [["name", "Mercury"], ["solar_system_id", 2], ["diameter", 4878], ["mass", 0.06], ["orbital_period", 88], ["day_length", 4222], ["gravity", 3.7], ["sun_distance", 57.9], ["temperature", 167], ["atmosphere", 0.0], ["created_at", "2019-05-02 10:28:17.109212"], ["updated_at", "2019-05-02 10:28:17.109212"]]
  ↳ db/seeds.rb:11
  [1m[35m (1.6ms)[0m  [1m[35mCOMMIT[0m
  ↳ db/seeds.rb:11
Started GET "/solar_systems" for ::1 at 2019-05-02 11:28:31 +0100
  [1m[35m (1.6ms)[0m  [1m[34mSELECT "schema_migrations"."version" FROM "schema_migrations" ORDER BY "schema_migrations"."version" ASC[0m
  ↳ /Users/flatiron/.rvm/gems/ruby-2.4.1/gems/activerecord-5.2.3/lib/active_record/log_subscriber.rb:98
Processing by SolarSystemsController#index as HTML
  [1m[36mSolarSystem Load (4.1ms)[0m  [1m[34mSELECT "solar_systems".* FROM "solar_systems"[0m
  ↳ app/controllers/solar_systems_controller.rb:4
[active_model_serializers] Rendered ActiveModel::Serializer::CollectionSerializer with ActiveModelSerializers::Adapter::Attributes (7.39ms)
Completed 500 Internal Server Error in 80ms (ActiveRecord: 10.0ms)


  
NoMethodError (undefined method `planets' for #<SolarSystem:0x007fbad3156748>):
  
app/controllers/solar_systems_controller.rb:4:in `index'
  [1m[36mSolarSystem Load (0.5ms)[0m  [1m[34mSELECT  "solar_systems".* FROM "solar_systems" LIMIT $1[0m  [["LIMIT", 11]]
Started GET "/solar_systems" for ::1 at 2019-05-02 11:29:44 +0100
Processing by SolarSystemsController#index as HTML
  [1m[36mSolarSystem Load (0.4ms)[0m  [1m[34mSELECT "solar_systems".* FROM "solar_systems"[0m
  ↳ app/controllers/solar_systems_controller.rb:4
[active_model_serializers] Rendered ActiveModel::Serializer::CollectionSerializer with ActiveModelSerializers::Adapter::Attributes (5.86ms)
Completed 500 Internal Server Error in 21ms (ActiveRecord: 5.7ms)


  
NoMethodError (undefined method `planets' for #<SolarSystem:0x007fbad3beb550>):
  
app/controllers/solar_systems_controller.rb:4:in `index'
Started GET "/planet" for ::1 at 2019-05-02 11:29:49 +0100
  
ActionController::RoutingError (No route matches [GET] "/planet"):
  
actionpack (5.2.3) lib/action_dispatch/middleware/debug_exceptions.rb:65:in `call'
web-console (3.7.0) lib/web_console/middleware.rb:135:in `call_app'
web-console (3.7.0) lib/web_console/middleware.rb:30:in `block in call'
web-console (3.7.0) lib/web_console/middleware.rb:20:in `catch'
web-console (3.7.0) lib/web_console/middleware.rb:20:in `call'
actionpack (5.2.3) lib/action_dispatch/middleware/show_exceptions.rb:33:in `call'
railties (5.2.3) lib/rails/rack/logger.rb:38:in `call_app'
railties (5.2.3) lib/rails/rack/logger.rb:26:in `block in call'
activesupport (5.2.3) lib/active_support/tagged_logging.rb:71:in `block in tagged'
activesupport (5.2.3) lib/active_support/tagged_logging.rb:28:in `tagged'
activesupport (5.2.3) lib/active_support/tagged_logging.rb:71:in `tagged'
railties (5.2.3) lib/rails/rack/logger.rb:26:in `call'
sprockets-rails (3.2.1) lib/sprockets/rails/quiet_assets.rb:13:in `call'
actionpack (5.2.3) lib/action_dispatch/middleware/remote_ip.rb:81:in `call'
actionpack (5.2.3) lib/action_dispatch/middleware/request_id.rb:27:in `call'
rack (2.0.7) lib/rack/runtime.rb:22:in `call'
activesupport (5.2.3) lib/active_support/cache/strategy/local_cache_middleware.rb:29:in `call'
actionpack (5.2.3) lib/action_dispatch/middleware/executor.rb:14:in `call'
actionpack (5.2.3) lib/action_dispatch/middleware/static.rb:127:in `call'
rack (2.0.7) lib/rack/sendfile.rb:111:in `call'
rack-cors (1.0.3) lib/rack/cors.rb:95:in `call'
railties (5.2.3) lib/rails/engine.rb:524:in `call'
puma (3.12.1) lib/puma/configuration.rb:227:in `call'
puma (3.12.1) lib/puma/server.rb:660:in `handle_request'
puma (3.12.1) lib/puma/server.rb:474:in `process_client'
puma (3.12.1) lib/puma/server.rb:334:in `block in run'
puma (3.12.1) lib/puma/thread_pool.rb:135:in `block in spawn_thread'
Started GET "/planets" for ::1 at 2019-05-02 11:29:52 +0100
Processing by PlanetsController#index as HTML
  [1m[36mPlanet Load (0.8ms)[0m  [1m[34mSELECT "planets".* FROM "planets"[0m
  ↳ app/controllers/planets_controller.rb:4
[active_model_serializers] Rendered ActiveModel::Serializer::CollectionSerializer with ActiveModelSerializers::Adapter::Attributes (18.94ms)
Completed 500 Internal Server Error in 47ms (ActiveRecord: 5.3ms)


  
NoMethodError (undefined method `solar_system' for #<Planet:0x007fbad3b9ab78>
Did you mean?  solar_system_id):
  
app/controllers/planets_controller.rb:4:in `index'
  [1m[36mPlanet Load (1.4ms)[0m  [1m[34mSELECT  "planets".* FROM "planets" LIMIT $1[0m  [["LIMIT", 11]]
Started GET "/solar_systems" for ::1 at 2019-05-02 11:30:25 +0100
Processing by SolarSystemsController#index as HTML
  [1m[36mSolarSystem Load (0.8ms)[0m  [1m[34mSELECT "solar_systems".* FROM "solar_systems"[0m
  ↳ app/controllers/solar_systems_controller.rb:4
[active_model_serializers] Rendered ActiveModel::Serializer::CollectionSerializer with ActiveModelSerializers::Adapter::Attributes (9.59ms)
Completed 500 Internal Server Error in 13ms (ActiveRecord: 0.8ms)


  
NoMethodError (undefined method `planets' for #<SolarSystem:0x007fbad42ccce8>):
  
app/controllers/solar_systems_controller.rb:4:in `index'
  [1m[36mPlanet Load (0.9ms)[0m  [1m[34mSELECT  "planets".* FROM "planets" LIMIT $1[0m  [["LIMIT", 11]]
Started GET "/solar_systems" for ::1 at 2019-05-02 11:32:04 +0100
  [1m[35m (1.3ms)[0m  [1m[34mSELECT "schema_migrations"."version" FROM "schema_migrations" ORDER BY "schema_migrations"."version" ASC[0m
  ↳ /Users/flatiron/.rvm/gems/ruby-2.4.1/gems/activerecord-5.2.3/lib/active_record/log_subscriber.rb:98
Processing by SolarSystemsController#index as HTML
  [1m[36mSolarSystem Load (0.9ms)[0m  [1m[34mSELECT "solar_systems".* FROM "solar_systems"[0m
  ↳ app/controllers/solar_systems_controller.rb:4
No serializer found for resource: #<SolarSystem id: 1, name: "Milky Way", created_at: "2019-05-02 10:28:02", updated_at: "2019-05-02 10:28:02">
[active_model_serializers] Rendered ActiveModel::Serializer::CollectionSerializer with SolarSystem::ActiveRecord_Relation (3.45ms)
Completed 200 OK in 60ms (Views: 40.6ms | ActiveRecord: 8.7ms)


Started GET "/planets" for ::1 at 2019-05-02 11:32:09 +0100
Processing by PlanetsController#index as HTML
  [1m[36mPlanet Load (8.8ms)[0m  [1m[34mSELECT "planets".* FROM "planets"[0m
  ↳ app/controllers/planets_controller.rb:4
No serializer found for resource: #<Planet id: 1, name: "Mercury", solar_system_id: 2, diameter: 4878, mass: 0.06, orbital_period: 88, day_length: 4222, gravity: 3.7, sun_distance: 57.9, temperature: 167, atmosphere: 0.0, created_at: "2019-05-02 10:28:17", updated_at: "2019-05-02 10:28:17">
[active_model_serializers] Rendered ActiveModel::Serializer::CollectionSerializer with Planet::ActiveRecord_Relation (0.88ms)
Completed 200 OK in 71ms (Views: 40.4ms | ActiveRecord: 21.4ms)


Started GET "/solar_systems" for ::1 at 2019-05-02 11:32:19 +0100
Processing by SolarSystemsController#index as HTML
  [1m[36mSolarSystem Load (0.4ms)[0m  [1m[34mSELECT "solar_systems".* FROM "solar_systems"[0m
  ↳ app/controllers/solar_systems_controller.rb:4
No serializer found for resource: #<SolarSystem id: 1, name: "Milky Way", created_at: "2019-05-02 10:28:02", updated_at: "2019-05-02 10:28:02">
[active_model_serializers] Rendered ActiveModel::Serializer::CollectionSerializer with SolarSystem::ActiveRecord_Relation (0.3ms)
Completed 200 OK in 4ms (Views: 2.6ms | ActiveRecord: 0.4ms)


  [1m[35m (0.9ms)[0m  [1m[34mSELECT "schema_migrations"."version" FROM "schema_migrations" ORDER BY "schema_migrations"."version" ASC[0m
  ↳ bin/rails:9
  [1m[35m (0.3ms)[0m  [1m[34mSELECT "schema_migrations"."version" FROM "schema_migrations" ORDER BY "schema_migrations"."version" ASC[0m
  ↳ bin/rails:9
  [1m[35m (0.3ms)[0m  [1m[34mSELECT "schema_migrations"."version" FROM "schema_migrations" ORDER BY "schema_migrations"."version" ASC[0m
  ↳ bin/rails:9
  [1m[35m (0.8ms)[0m  [1m[34mSELECT pg_try_advisory_lock(5381952802427419155)[0m
  ↳ bin/rails:9
  [1m[35m (0.2ms)[0m  [1m[34mSELECT "schema_migrations"."version" FROM "schema_migrations" ORDER BY "schema_migrations"."version" ASC[0m
  ↳ bin/rails:9
Migrating to CreateMoons (20190502091023)
  [1m[35m (0.2ms)[0m  [1m[35mBEGIN[0m
  ↳ bin/rails:9
  [1m[35m (54.6ms)[0m  [1m[35mDROP TABLE "moons"[0m
  ↳ bin/rails:9
  [1m[36mActiveRecord::SchemaMigration Destroy (44.3ms)[0m  [1m[31mDELETE FROM "schema_migrations" WHERE "schema_migrations"."version" = $1[0m  [["version", "20190502091023"]]
  ↳ bin/rails:9
  [1m[35m (3.4ms)[0m  [1m[35mCOMMIT[0m
  ↳ bin/rails:9
Migrating to CreatePlanets (20190502091005)
  [1m[35m (0.2ms)[0m  [1m[35mBEGIN[0m
  ↳ bin/rails:9
  [1m[35m (44.4ms)[0m  [1m[35mDROP TABLE "planets"[0m
  ↳ bin/rails:9
  [1m[36mActiveRecord::SchemaMigration Destroy (0.5ms)[0m  [1m[31mDELETE FROM "schema_migrations" WHERE "schema_migrations"."version" = $1[0m  [["version", "20190502091005"]]
  ↳ bin/rails:9
  [1m[35m (2.3ms)[0m  [1m[35mCOMMIT[0m
  ↳ bin/rails:9
Migrating to CreateSolarSystems (20190502090819)
  [1m[35m (0.2ms)[0m  [1m[35mBEGIN[0m
  ↳ bin/rails:9
  [1m[35m (1.9ms)[0m  [1m[35mDROP TABLE "solar_systems"[0m
  ↳ bin/rails:9
  [1m[36mActiveRecord::SchemaMigration Destroy (0.5ms)[0m  [1m[31mDELETE FROM "schema_migrations" WHERE "schema_migrations"."version" = $1[0m  [["version", "20190502090819"]]
  ↳ bin/rails:9
  [1m[35m (42.7ms)[0m  [1m[35mCOMMIT[0m
  ↳ bin/rails:9
  [1m[35m (0.3ms)[0m  [1m[34mSELECT pg_advisory_unlock(5381952802427419155)[0m
  ↳ bin/rails:9
  [1m[35m (0.2ms)[0m  [1m[34mSELECT "schema_migrations"."version" FROM "schema_migrations" ORDER BY "schema_migrations"."version" ASC[0m
  ↳ bin/rails:9
  [1m[35m (1.2ms)[0m  [1m[34mSELECT "schema_migrations"."version" FROM "schema_migrations" ORDER BY "schema_migrations"."version" ASC[0m
  ↳ bin/rails:9
  [1m[35m (0.2ms)[0m  [1m[34mSELECT "schema_migrations"."version" FROM "schema_migrations" ORDER BY "schema_migrations"."version" ASC[0m
  ↳ bin/rails:9
  [1m[35m (163.0ms)[0m  [1m[35mDROP DATABASE IF EXISTS "Milky-Way_development"[0m
  ↳ bin/rails:9
  [1m[35m (232.6ms)[0m  [1m[35mDROP DATABASE IF EXISTS "Milky-Way_test"[0m
  ↳ bin/rails:9
  [1m[35m (515.7ms)[0m  [1m[35mCREATE DATABASE "Milky-Way_development" ENCODING = 'unicode'[0m
  ↳ bin/rails:9
  [1m[35m (432.2ms)[0m  [1m[35mCREATE DATABASE "Milky-Way_test" ENCODING = 'unicode'[0m
  ↳ bin/rails:9
  [1m[35mSQL (2.7ms)[0m  [1m[35mCREATE EXTENSION IF NOT EXISTS "plpgsql"[0m
  ↳ db/schema.rb:16
  [1m[35m (19.3ms)[0m  [1m[35mCREATE TABLE "schema_migrations" ("version" character varying NOT NULL PRIMARY KEY)[0m
  ↳ db/schema.rb:13
  [1m[35m (1.2ms)[0m  [1m[34mSELECT "schema_migrations"."version" FROM "schema_migrations" ORDER BY "schema_migrations"."version" ASC[0m
  ↳ db/schema.rb:13
  [1m[35m (3.3ms)[0m  [1m[32mINSERT INTO "schema_migrations" (version) VALUES (0)[0m
  ↳ db/schema.rb:13
  [1m[35m (6.9ms)[0m  [1m[35mCREATE TABLE "ar_internal_metadata" ("key" character varying NOT NULL PRIMARY KEY, "value" character varying, "created_at" timestamp NOT NULL, "updated_at" timestamp NOT NULL)[0m
  ↳ db/schema.rb:13
  [1m[36mActiveRecord::InternalMetadata Load (0.6ms)[0m  [1m[34mSELECT  "ar_internal_metadata".* FROM "ar_internal_metadata" WHERE "ar_internal_metadata"."key" = $1 LIMIT $2[0m  [["key", "environment"], ["LIMIT", 1]]
  ↳ db/schema.rb:13
  [1m[35m (0.2ms)[0m  [1m[35mBEGIN[0m
  ↳ db/schema.rb:13
  [1m[36mActiveRecord::InternalMetadata Create (0.7ms)[0m  [1m[32mINSERT INTO "ar_internal_metadata" ("key", "value", "created_at", "updated_at") VALUES ($1, $2, $3, $4) RETURNING "key"[0m  [["key", "environment"], ["value", "development"], ["created_at", "2019-05-02 10:32:44.456155"], ["updated_at", "2019-05-02 10:32:44.456155"]]
  ↳ db/schema.rb:13
  [1m[35m (1.4ms)[0m  [1m[35mCOMMIT[0m
  ↳ db/schema.rb:13
  [1m[36mActiveRecord::InternalMetadata Load (0.4ms)[0m  [1m[34mSELECT  "ar_internal_metadata".* FROM "ar_internal_metadata" WHERE "ar_internal_metadata"."key" = $1 LIMIT $2[0m  [["key", "environment"], ["LIMIT", 1]]
  ↳ bin/rails:9
  [1m[35m (0.2ms)[0m  [1m[35mBEGIN[0m
  ↳ bin/rails:9
  [1m[35m (0.2ms)[0m  [1m[35mCOMMIT[0m
  ↳ bin/rails:9
  [1m[35mSQL (0.4ms)[0m  [1m[35mCREATE EXTENSION IF NOT EXISTS "plpgsql"[0m
  ↳ db/schema.rb:16
  [1m[35m (10.2ms)[0m  [1m[35mCREATE TABLE "schema_migrations" ("version" character varying NOT NULL PRIMARY KEY)[0m
  ↳ db/schema.rb:13
  [1m[35m (0.8ms)[0m  [1m[34mSELECT "schema_migrations"."version" FROM "schema_migrations" ORDER BY "schema_migrations"."version" ASC[0m
  ↳ db/schema.rb:13
  [1m[35m (1.7ms)[0m  [1m[32mINSERT INTO "schema_migrations" (version) VALUES (0)[0m
  ↳ db/schema.rb:13
  [1m[35m (6.5ms)[0m  [1m[35mCREATE TABLE "ar_internal_metadata" ("key" character varying NOT NULL PRIMARY KEY, "value" character varying, "created_at" timestamp NOT NULL, "updated_at" timestamp NOT NULL)[0m
  ↳ db/schema.rb:13
  [1m[36mActiveRecord::InternalMetadata Load (0.4ms)[0m  [1m[34mSELECT  "ar_internal_metadata".* FROM "ar_internal_metadata" WHERE "ar_internal_metadata"."key" = $1 LIMIT $2[0m  [["key", "environment"], ["LIMIT", 1]]
  ↳ db/schema.rb:13
  [1m[35m (0.2ms)[0m  [1m[35mBEGIN[0m
  ↳ db/schema.rb:13
  [1m[36mActiveRecord::InternalMetadata Create (0.5ms)[0m  [1m[32mINSERT INTO "ar_internal_metadata" ("key", "value", "created_at", "updated_at") VALUES ($1, $2, $3, $4) RETURNING "key"[0m  [["key", "environment"], ["value", "development"], ["created_at", "2019-05-02 10:32:44.592322"], ["updated_at", "2019-05-02 10:32:44.592322"]]
  ↳ db/schema.rb:13
  [1m[35m (1.1ms)[0m  [1m[35mCOMMIT[0m
  ↳ db/schema.rb:13
  [1m[36mActiveRecord::InternalMetadata Load (0.6ms)[0m  [1m[34mSELECT  "ar_internal_metadata".* FROM "ar_internal_metadata" WHERE "ar_internal_metadata"."key" = $1 LIMIT $2[0m  [["key", "environment"], ["LIMIT", 1]]
  ↳ bin/rails:9
  [1m[35m (0.2ms)[0m  [1m[35mBEGIN[0m
  ↳ bin/rails:9
  [1m[36mActiveRecord::InternalMetadata Update (2.0ms)[0m  [1m[33mUPDATE "ar_internal_metadata" SET "value" = $1, "updated_at" = $2 WHERE "ar_internal_metadata"."key" = $3[0m  [["value", "test"], ["updated_at", "2019-05-02 10:32:44.598237"], ["key", "environment"]]
  ↳ bin/rails:9
  [1m[35m (1.5ms)[0m  [1m[35mCOMMIT[0m
  ↳ bin/rails:9
  [1m[35m (1.0ms)[0m  [1m[34mSELECT "schema_migrations"."version" FROM "schema_migrations" ORDER BY "schema_migrations"."version" ASC[0m
  ↳ bin/rails:9
  [1m[35m (0.4ms)[0m  [1m[34mSELECT pg_try_advisory_lock(5381952802427419155)[0m
  ↳ bin/rails:9
  [1m[35m (0.8ms)[0m  [1m[34mSELECT "schema_migrations"."version" FROM "schema_migrations" ORDER BY "schema_migrations"."version" ASC[0m
  ↳ bin/rails:9
Migrating to CreateSolarSystems (20190502090819)
  [1m[35m (0.2ms)[0m  [1m[35mBEGIN[0m
  ↳ bin/rails:9
  [1m[35m (9.9ms)[0m  [1m[35mCREATE TABLE "solar_systems" ("id" bigserial primary key, "name" character varying, "created_at" timestamp NOT NULL, "updated_at" timestamp NOT NULL)[0m
  ↳ db/migrate/20190502090819_create_solar_systems.rb:3
  [1m[36mActiveRecord::SchemaMigration Create (0.5ms)[0m  [1m[32mINSERT INTO "schema_migrations" ("version") VALUES ($1) RETURNING "version"[0m  [["version", "20190502090819"]]
  ↳ bin/rails:9
  [1m[35m (1.4ms)[0m  [1m[35mCOMMIT[0m
  ↳ bin/rails:9
Migrating to CreatePlanets (20190502091005)
  [1m[35m (0.3ms)[0m  [1m[35mBEGIN[0m
  ↳ bin/rails:9
  [1m[35m (8.0ms)[0m  [1m[35mCREATE TABLE "planets" ("id" bigserial primary key, "name" character varying, "solar_system_id" integer, "diameter" integer, "mass" float, "orbital_period" integer, "day_length" integer, "gravity" float, "sun_distance" float, "temperature" integer, "atmosphere" float, "created_at" timestamp NOT NULL, "updated_at" timestamp NOT NULL)[0m
  ↳ db/migrate/20190502091005_create_planets.rb:3
  [1m[36mActiveRecord::SchemaMigration Create (0.4ms)[0m  [1m[32mINSERT INTO "schema_migrations" ("version") VALUES ($1) RETURNING "version"[0m  [["version", "20190502091005"]]
  ↳ bin/rails:9
  [1m[35m (1.3ms)[0m  [1m[35mCOMMIT[0m
  ↳ bin/rails:9
Migrating to CreateMoons (20190502091023)
  [1m[35m (0.3ms)[0m  [1m[35mBEGIN[0m
  ↳ bin/rails:9
  [1m[35m (6.1ms)[0m  [1m[35mCREATE TABLE "moons" ("id" bigserial primary key, "name" character varying, "planet_id" integer, "created_at" timestamp NOT NULL, "updated_at" timestamp NOT NULL)[0m
  ↳ db/migrate/20190502091023_create_moons.rb:3
  [1m[36mActiveRecord::SchemaMigration Create (0.3ms)[0m  [1m[32mINSERT INTO "schema_migrations" ("version") VALUES ($1) RETURNING "version"[0m  [["version", "20190502091023"]]
  ↳ bin/rails:9
  [1m[35m (1.2ms)[0m  [1m[35mCOMMIT[0m
  ↳ bin/rails:9
  [1m[36mActiveRecord::InternalMetadata Load (2.0ms)[0m  [1m[34mSELECT  "ar_internal_metadata".* FROM "ar_internal_metadata" WHERE "ar_internal_metadata"."key" = $1 LIMIT $2[0m  [["key", "environment"], ["LIMIT", 1]]
  ↳ bin/rails:9
  [1m[35m (0.3ms)[0m  [1m[35mBEGIN[0m
  ↳ bin/rails:9
  [1m[35m (0.3ms)[0m  [1m[35mCOMMIT[0m
  ↳ bin/rails:9
  [1m[35m (0.4ms)[0m  [1m[34mSELECT pg_advisory_unlock(5381952802427419155)[0m
  ↳ bin/rails:9
  [1m[35m (0.3ms)[0m  [1m[34mSELECT "schema_migrations"."version" FROM "schema_migrations" ORDER BY "schema_migrations"."version" ASC[0m
  ↳ bin/rails:9
  [1m[35m (0.9ms)[0m  [1m[34mSELECT "schema_migrations"."version" FROM "schema_migrations" ORDER BY "schema_migrations"."version" ASC[0m
  ↳ bin/rails:9
  [1m[35m (0.2ms)[0m  [1m[35mBEGIN[0m
  ↳ db/seeds.rb:9
  [1m[36mSolarSystem Create (1.1ms)[0m  [1m[32mINSERT INTO "solar_systems" ("name", "created_at", "updated_at") VALUES ($1, $2, $3) RETURNING "id"[0m  [["name", "Milky Way"], ["created_at", "2019-05-02 10:32:57.464902"], ["updated_at", "2019-05-02 10:32:57.464902"]]
  ↳ db/seeds.rb:9
  [1m[35m (40.6ms)[0m  [1m[35mCOMMIT[0m
  ↳ db/seeds.rb:9
  [1m[35m (0.2ms)[0m  [1m[35mBEGIN[0m
  ↳ db/seeds.rb:11
  [1m[36mSolarSystem Load (0.3ms)[0m  [1m[34mSELECT  "solar_systems".* FROM "solar_systems" WHERE "solar_systems"."id" = $1 LIMIT $2[0m  [["id", 1], ["LIMIT", 1]]
  ↳ db/seeds.rb:11
  [1m[36mPlanet Create (0.8ms)[0m  [1m[32mINSERT INTO "planets" ("name", "solar_system_id", "diameter", "mass", "orbital_period", "day_length", "gravity", "sun_distance", "temperature", "atmosphere", "created_at", "updated_at") VALUES ($1, $2, $3, $4, $5, $6, $7, $8, $9, $10, $11, $12) RETURNING "id"[0m  [["name", "Mercury"], ["solar_system_id", 1], ["diameter", 4878], ["mass", 0.06], ["orbital_period", 88], ["day_length", 4222], ["gravity", 3.7], ["sun_distance", 57.9], ["temperature", 167], ["atmosphere", 0.0], ["created_at", "2019-05-02 10:32:57.556592"], ["updated_at", "2019-05-02 10:32:57.556592"]]
  ↳ db/seeds.rb:11
  [1m[35m (40.3ms)[0m  [1m[35mCOMMIT[0m
  ↳ db/seeds.rb:11
Started GET "/solar_systems" for ::1 at 2019-05-02 11:33:06 +0100
  [1m[35m (2.3ms)[0m  [1m[34mSELECT "schema_migrations"."version" FROM "schema_migrations" ORDER BY "schema_migrations"."version" ASC[0m
  ↳ /Users/flatiron/.rvm/gems/ruby-2.4.1/gems/activerecord-5.2.3/lib/active_record/log_subscriber.rb:98
Processing by SolarSystemsController#index as HTML
  [1m[36mSolarSystem Load (1.3ms)[0m  [1m[34mSELECT "solar_systems".* FROM "solar_systems"[0m
  ↳ app/controllers/solar_systems_controller.rb:4
No serializer found for resource: #<SolarSystem id: 1, name: "Milky Way", created_at: "2019-05-02 10:32:57", updated_at: "2019-05-02 10:32:57">
[active_model_serializers] Rendered ActiveModel::Serializer::CollectionSerializer with SolarSystem::ActiveRecord_Relation (0.39ms)
Completed 200 OK in 54ms (Views: 38.4ms | ActiveRecord: 8.7ms)


Started GET "/planets" for ::1 at 2019-05-02 11:33:10 +0100
Processing by PlanetsController#index as HTML
  [1m[36mPlanet Load (1.5ms)[0m  [1m[34mSELECT "planets".* FROM "planets"[0m
  ↳ app/controllers/planets_controller.rb:4
No serializer found for resource: #<Planet id: 1, name: "Mercury", solar_system_id: 1, diameter: 4878, mass: 0.06, orbital_period: 88, day_length: 4222, gravity: 3.7, sun_distance: 57.9, temperature: 167, atmosphere: 0.0, created_at: "2019-05-02 10:32:57", updated_at: "2019-05-02 10:32:57">
[active_model_serializers] Rendered ActiveModel::Serializer::CollectionSerializer with Planet::ActiveRecord_Relation (0.4ms)
Completed 200 OK in 51ms (Views: 24.6ms | ActiveRecord: 20.9ms)


  [1m[35m (1.5ms)[0m  [1m[34mSELECT "schema_migrations"."version" FROM "schema_migrations" ORDER BY "schema_migrations"."version" ASC[0m
  ↳ bin/rails:9
  [1m[35m (0.9ms)[0m  [1m[34mSELECT "ar_internal_metadata"."value" FROM "ar_internal_metadata" WHERE "ar_internal_metadata"."key" = $1[0m  [["key", "environment"]]
  ↳ bin/rails:9
  [1m[35m (0.6ms)[0m  [1m[34mSELECT "schema_migrations"."version" FROM "schema_migrations" ORDER BY "schema_migrations"."version" ASC[0m
  ↳ bin/rails:9
  [1m[35m (0.5ms)[0m  [1m[34mSELECT "ar_internal_metadata"."value" FROM "ar_internal_metadata" WHERE "ar_internal_metadata"."key" = $1[0m  [["key", "environment"]]
  ↳ bin/rails:9
  [1m[35m (0.5ms)[0m  [1m[34mSELECT "schema_migrations"."version" FROM "schema_migrations" ORDER BY "schema_migrations"."version" ASC[0m
  ↳ bin/rails:9
  [1m[35m (0.5ms)[0m  [1m[34mSELECT "ar_internal_metadata"."value" FROM "ar_internal_metadata" WHERE "ar_internal_metadata"."key" = $1[0m  [["key", "environment"]]
  ↳ bin/rails:9
  [1m[35m (240.8ms)[0m  [1m[35mDROP DATABASE IF EXISTS "Milky-Way_development"[0m
  ↳ bin/rails:9
  [1m[35m (235.8ms)[0m  [1m[35mDROP DATABASE IF EXISTS "Milky-Way_test"[0m
  ↳ bin/rails:9
  [1m[35m (499.4ms)[0m  [1m[35mCREATE DATABASE "Milky-Way_development" ENCODING = 'unicode'[0m
  ↳ bin/rails:9
  [1m[35m (416.3ms)[0m  [1m[35mCREATE DATABASE "Milky-Way_test" ENCODING = 'unicode'[0m
  ↳ bin/rails:9
  [1m[35mSQL (1.6ms)[0m  [1m[35mCREATE EXTENSION IF NOT EXISTS "plpgsql"[0m
  ↳ db/schema.rb:16
  [1m[35m (12.7ms)[0m  [1m[35mDROP TABLE IF EXISTS "moons" CASCADE[0m
  ↳ db/schema.rb:18
  [1m[35m (20.9ms)[0m  [1m[35mCREATE TABLE "moons" ("id" bigserial primary key, "name" character varying, "planet_id" integer, "created_at" timestamp NOT NULL, "updated_at" timestamp NOT NULL)[0m
  ↳ db/schema.rb:18
  [1m[35m (0.4ms)[0m  [1m[35mDROP TABLE IF EXISTS "planets" CASCADE[0m
  ↳ db/schema.rb:25
  [1m[35m (9.1ms)[0m  [1m[35mCREATE TABLE "planets" ("id" bigserial primary key, "name" character varying, "solar_system_id" integer, "diameter" integer, "mass" float, "orbital_period" integer, "day_length" integer, "gravity" float, "sun_distance" float, "temperature" integer, "atmosphere" float, "created_at" timestamp NOT NULL, "updated_at" timestamp NOT NULL)[0m
  ↳ db/schema.rb:25
  [1m[35m (0.4ms)[0m  [1m[35mDROP TABLE IF EXISTS "solar_systems" CASCADE[0m
  ↳ db/schema.rb:40
  [1m[35m (7.8ms)[0m  [1m[35mCREATE TABLE "solar_systems" ("id" bigserial primary key, "name" character varying, "created_at" timestamp NOT NULL, "updated_at" timestamp NOT NULL)[0m
  ↳ db/schema.rb:40
  [1m[35m (6.2ms)[0m  [1m[35mCREATE TABLE "schema_migrations" ("version" character varying NOT NULL PRIMARY KEY)[0m
  ↳ db/schema.rb:13
  [1m[35m (1.2ms)[0m  [1m[34mSELECT "schema_migrations"."version" FROM "schema_migrations" ORDER BY "schema_migrations"."version" ASC[0m
  ↳ db/schema.rb:13
  [1m[35m (1.6ms)[0m  [1m[32mINSERT INTO "schema_migrations" (version) VALUES (20190502091023)[0m
  ↳ db/schema.rb:13
  [1m[35m (2.2ms)[0m  [1m[32mINSERT INTO "schema_migrations" (version) VALUES
(20190502090819),
(20190502091005);

[0m
  ↳ db/schema.rb:13
  [1m[35m (5.9ms)[0m  [1m[35mCREATE TABLE "ar_internal_metadata" ("key" character varying NOT NULL PRIMARY KEY, "value" character varying, "created_at" timestamp NOT NULL, "updated_at" timestamp NOT NULL)[0m
  ↳ db/schema.rb:13
  [1m[36mActiveRecord::InternalMetadata Load (0.8ms)[0m  [1m[34mSELECT  "ar_internal_metadata".* FROM "ar_internal_metadata" WHERE "ar_internal_metadata"."key" = $1 LIMIT $2[0m  [["key", "environment"], ["LIMIT", 1]]
  ↳ db/schema.rb:13
  [1m[35m (0.2ms)[0m  [1m[35mBEGIN[0m
  ↳ db/schema.rb:13
  [1m[36mActiveRecord::InternalMetadata Create (0.7ms)[0m  [1m[32mINSERT INTO "ar_internal_metadata" ("key", "value", "created_at", "updated_at") VALUES ($1, $2, $3, $4) RETURNING "key"[0m  [["key", "environment"], ["value", "development"], ["created_at", "2019-05-02 10:54:33.791072"], ["updated_at", "2019-05-02 10:54:33.791072"]]
  ↳ db/schema.rb:13
  [1m[35m (1.0ms)[0m  [1m[35mCOMMIT[0m
  ↳ db/schema.rb:13
  [1m[36mActiveRecord::InternalMetadata Load (0.3ms)[0m  [1m[34mSELECT  "ar_internal_metadata".* FROM "ar_internal_metadata" WHERE "ar_internal_metadata"."key" = $1 LIMIT $2[0m  [["key", "environment"], ["LIMIT", 1]]
  ↳ bin/rails:9
  [1m[35m (0.1ms)[0m  [1m[35mBEGIN[0m
  ↳ bin/rails:9
  [1m[35m (0.1ms)[0m  [1m[35mCOMMIT[0m
  ↳ bin/rails:9
  [1m[35mSQL (0.5ms)[0m  [1m[35mCREATE EXTENSION IF NOT EXISTS "plpgsql"[0m
  ↳ db/schema.rb:16
  [1m[35m (0.4ms)[0m  [1m[35mDROP TABLE IF EXISTS "moons" CASCADE[0m
  ↳ db/schema.rb:18
  [1m[35m (13.8ms)[0m  [1m[35mCREATE TABLE "moons" ("id" bigserial primary key, "name" character varying, "planet_id" integer, "created_at" timestamp NOT NULL, "updated_at" timestamp NOT NULL)[0m
  ↳ db/schema.rb:18
  [1m[35m (0.5ms)[0m  [1m[35mDROP TABLE IF EXISTS "planets" CASCADE[0m
  ↳ db/schema.rb:25
  [1m[35m (6.9ms)[0m  [1m[35mCREATE TABLE "planets" ("id" bigserial primary key, "name" character varying, "solar_system_id" integer, "diameter" integer, "mass" float, "orbital_period" integer, "day_length" integer, "gravity" float, "sun_distance" float, "temperature" integer, "atmosphere" float, "created_at" timestamp NOT NULL, "updated_at" timestamp NOT NULL)[0m
  ↳ db/schema.rb:25
  [1m[35m (0.5ms)[0m  [1m[35mDROP TABLE IF EXISTS "solar_systems" CASCADE[0m
  ↳ db/schema.rb:40
  [1m[35m (7.9ms)[0m  [1m[35mCREATE TABLE "solar_systems" ("id" bigserial primary key, "name" character varying, "created_at" timestamp NOT NULL, "updated_at" timestamp NOT NULL)[0m
  ↳ db/schema.rb:40
  [1m[35m (5.5ms)[0m  [1m[35mCREATE TABLE "schema_migrations" ("version" character varying NOT NULL PRIMARY KEY)[0m
  ↳ db/schema.rb:13
  [1m[35m (0.8ms)[0m  [1m[34mSELECT "schema_migrations"."version" FROM "schema_migrations" ORDER BY "schema_migrations"."version" ASC[0m
  ↳ db/schema.rb:13
  [1m[35m (1.6ms)[0m  [1m[32mINSERT INTO "schema_migrations" (version) VALUES (20190502091023)[0m
  ↳ db/schema.rb:13
  [1m[35m (1.4ms)[0m  [1m[32mINSERT INTO "schema_migrations" (version) VALUES
(20190502090819),
(20190502091005);

[0m
  ↳ db/schema.rb:13
  [1m[35m (5.0ms)[0m  [1m[35mCREATE TABLE "ar_internal_metadata" ("key" character varying NOT NULL PRIMARY KEY, "value" character varying, "created_at" timestamp NOT NULL, "updated_at" timestamp NOT NULL)[0m
  ↳ db/schema.rb:13
  [1m[36mActiveRecord::InternalMetadata Load (0.7ms)[0m  [1m[34mSELECT  "ar_internal_metadata".* FROM "ar_internal_metadata" WHERE "ar_internal_metadata"."key" = $1 LIMIT $2[0m  [["key", "environment"], ["LIMIT", 1]]
  ↳ db/schema.rb:13
  [1m[35m (0.2ms)[0m  [1m[35mBEGIN[0m
  ↳ db/schema.rb:13
  [1m[36mActiveRecord::InternalMetadata Create (0.5ms)[0m  [1m[32mINSERT INTO "ar_internal_metadata" ("key", "value", "created_at", "updated_at") VALUES ($1, $2, $3, $4) RETURNING "key"[0m  [["key", "environment"], ["value", "development"], ["created_at", "2019-05-02 10:54:33.923759"], ["updated_at", "2019-05-02 10:54:33.923759"]]
  ↳ db/schema.rb:13
  [1m[35m (1.2ms)[0m  [1m[35mCOMMIT[0m
  ↳ db/schema.rb:13
  [1m[36mActiveRecord::InternalMetadata Load (0.3ms)[0m  [1m[34mSELECT  "ar_internal_metadata".* FROM "ar_internal_metadata" WHERE "ar_internal_metadata"."key" = $1 LIMIT $2[0m  [["key", "environment"], ["LIMIT", 1]]
  ↳ bin/rails:9
  [1m[35m (0.1ms)[0m  [1m[35mBEGIN[0m
  ↳ bin/rails:9
  [1m[36mActiveRecord::InternalMetadata Update (0.4ms)[0m  [1m[33mUPDATE "ar_internal_metadata" SET "value" = $1, "updated_at" = $2 WHERE "ar_internal_metadata"."key" = $3[0m  [["value", "test"], ["updated_at", "2019-05-02 10:54:33.928962"], ["key", "environment"]]
  ↳ bin/rails:9
  [1m[35m (1.1ms)[0m  [1m[35mCOMMIT[0m
  ↳ bin/rails:9
  [1m[35m (0.9ms)[0m  [1m[34mSELECT "schema_migrations"."version" FROM "schema_migrations" ORDER BY "schema_migrations"."version" ASC[0m
  ↳ bin/rails:9
  [1m[35m (0.2ms)[0m  [1m[35mBEGIN[0m
  ↳ db/seeds.rb:9
  [1m[36mSolarSystem Create (1.2ms)[0m  [1m[32mINSERT INTO "solar_systems" ("name", "created_at", "updated_at") VALUES ($1, $2, $3) RETURNING "id"[0m  [["name", "Milky Way"], ["created_at", "2019-05-02 10:54:34.000003"], ["updated_at", "2019-05-02 10:54:34.000003"]]
  ↳ db/seeds.rb:9
  [1m[35m (57.9ms)[0m  [1m[35mCOMMIT[0m
  ↳ db/seeds.rb:9
  [1m[35m (0.4ms)[0m  [1m[35mBEGIN[0m
  ↳ db/seeds.rb:11
  [1m[36mSolarSystem Load (0.5ms)[0m  [1m[34mSELECT  "solar_systems".* FROM "solar_systems" WHERE "solar_systems"."id" = $1 LIMIT $2[0m  [["id", 1], ["LIMIT", 1]]
  ↳ db/seeds.rb:11
  [1m[36mPlanet Create (1.2ms)[0m  [1m[32mINSERT INTO "planets" ("name", "solar_system_id", "diameter", "mass", "orbital_period", "day_length", "gravity", "sun_distance", "temperature", "atmosphere", "created_at", "updated_at") VALUES ($1, $2, $3, $4, $5, $6, $7, $8, $9, $10, $11, $12) RETURNING "id"[0m  [["name", "Mercury"], ["solar_system_id", 1], ["diameter", 4878], ["mass", 0.06], ["orbital_period", 88], ["day_length", 4222], ["gravity", 3.7], ["sun_distance", 57.9], ["temperature", 167], ["atmosphere", 0.0], ["created_at", "2019-05-02 10:54:34.103796"], ["updated_at", "2019-05-02 10:54:34.103796"]]
  ↳ db/seeds.rb:11
  [1m[35m (112.4ms)[0m  [1m[35mCOMMIT[0m
  ↳ db/seeds.rb:11
  [1m[35m (0.3ms)[0m  [1m[35mBEGIN[0m
  ↳ db/seeds.rb:12
  [1m[36mSolarSystem Load (0.8ms)[0m  [1m[34mSELECT  "solar_systems".* FROM "solar_systems" WHERE "solar_systems"."id" = $1 LIMIT $2[0m  [["id", 1], ["LIMIT", 1]]
  ↳ db/seeds.rb:12
  [1m[36mPlanet Create (0.9ms)[0m  [1m[32mINSERT INTO "planets" ("name", "solar_system_id", "diameter", "mass", "orbital_period", "day_length", "gravity", "sun_distance", "temperature", "atmosphere", "created_at", "updated_at") VALUES ($1, $2, $3, $4, $5, $6, $7, $8, $9, $10, $11, $12) RETURNING "id"[0m  [["name", "Venus"], ["solar_system_id", 1], ["diameter", 12104], ["mass", 0.82], ["orbital_period", 225], ["day_length", 2802], ["gravity", 8.9], ["sun_distance", 108.2], ["temperature", 464], ["atmosphere", 92.0], ["created_at", "2019-05-02 10:54:34.224345"], ["updated_at", "2019-05-02 10:54:34.224345"]]
  ↳ db/seeds.rb:12
  [1m[35m (1.5ms)[0m  [1m[35mCOMMIT[0m
  ↳ db/seeds.rb:12
  [1m[35m (0.2ms)[0m  [1m[35mBEGIN[0m
  ↳ db/seeds.rb:13
  [1m[36mSolarSystem Load (0.4ms)[0m  [1m[34mSELECT  "solar_systems".* FROM "solar_systems" WHERE "solar_systems"."id" = $1 LIMIT $2[0m  [["id", 1], ["LIMIT", 1]]
  ↳ db/seeds.rb:13
  [1m[36mPlanet Create (1.0ms)[0m  [1m[32mINSERT INTO "planets" ("name", "solar_system_id", "diameter", "mass", "orbital_period", "day_length", "gravity", "sun_distance", "temperature", "atmosphere", "created_at", "updated_at") VALUES ($1, $2, $3, $4, $5, $6, $7, $8, $9, $10, $11, $12) RETURNING "id"[0m  [["name", "Earth"], ["solar_system_id", 1], ["diameter", 12756], ["mass", 1.0], ["orbital_period", 365], ["day_length", 24], ["gravity", 9.8], ["sun_distance", 149.6], ["temperature", -15], ["atmosphere", 1.0], ["created_at", "2019-05-02 10:54:34.232360"], ["updated_at", "2019-05-02 10:54:34.232360"]]
  ↳ db/seeds.rb:13
  [1m[35m (1.1ms)[0m  [1m[35mCOMMIT[0m
  ↳ db/seeds.rb:13
  [1m[35m (0.1ms)[0m  [1m[35mBEGIN[0m
  ↳ db/seeds.rb:14
  [1m[36mSolarSystem Load (0.3ms)[0m  [1m[34mSELECT  "solar_systems".* FROM "solar_systems" WHERE "solar_systems"."id" = $1 LIMIT $2[0m  [["id", 1], ["LIMIT", 1]]
  ↳ db/seeds.rb:14
  [1m[36mPlanet Create (0.6ms)[0m  [1m[32mINSERT INTO "planets" ("name", "solar_system_id", "diameter", "mass", "orbital_period", "day_length", "gravity", "sun_distance", "temperature", "atmosphere", "created_at", "updated_at") VALUES ($1, $2, $3, $4, $5, $6, $7, $8, $9, $10, $11, $12) RETURNING "id"[0m  [["name", "Mars"], ["solar_system_id", 1], ["diameter", 6792], ["mass", 0.11], ["orbital_period", 687], ["day_length", 708], ["gravity", 3.7], ["sun_distance", 227.9], ["temperature", -65], ["atmosphere", 0.01], ["created_at", "2019-05-02 10:54:34.238227"], ["updated_at", "2019-05-02 10:54:34.238227"]]
  ↳ db/seeds.rb:14
  [1m[35m (1.2ms)[0m  [1m[35mCOMMIT[0m
  ↳ db/seeds.rb:14
  [1m[35m (0.8ms)[0m  [1m[34mSELECT "schema_migrations"."version" FROM "schema_migrations" ORDER BY "schema_migrations"."version" ASC[0m
  ↳ bin/rails:9
  [1m[35m (0.6ms)[0m  [1m[34mSELECT "ar_internal_metadata"."value" FROM "ar_internal_metadata" WHERE "ar_internal_metadata"."key" = $1[0m  [["key", "environment"]]
  ↳ bin/rails:9
  [1m[35m (0.3ms)[0m  [1m[34mSELECT "schema_migrations"."version" FROM "schema_migrations" ORDER BY "schema_migrations"."version" ASC[0m
  ↳ bin/rails:9
  [1m[35m (0.3ms)[0m  [1m[34mSELECT "ar_internal_metadata"."value" FROM "ar_internal_metadata" WHERE "ar_internal_metadata"."key" = $1[0m  [["key", "environment"]]
  ↳ bin/rails:9
  [1m[35m (0.3ms)[0m  [1m[34mSELECT "schema_migrations"."version" FROM "schema_migrations" ORDER BY "schema_migrations"."version" ASC[0m
  ↳ bin/rails:9
  [1m[35m (0.2ms)[0m  [1m[34mSELECT "ar_internal_metadata"."value" FROM "ar_internal_metadata" WHERE "ar_internal_metadata"."key" = $1[0m  [["key", "environment"]]
  ↳ bin/rails:9
  [1m[35m (211.6ms)[0m  [1m[35mDROP DATABASE IF EXISTS "Milky-Way_development"[0m
  ↳ bin/rails:9
  [1m[35m (213.3ms)[0m  [1m[35mDROP DATABASE IF EXISTS "Milky-Way_test"[0m
  ↳ bin/rails:9
  [1m[35m (518.7ms)[0m  [1m[35mCREATE DATABASE "Milky-Way_development" ENCODING = 'unicode'[0m
  ↳ bin/rails:9
  [1m[35m (418.2ms)[0m  [1m[35mCREATE DATABASE "Milky-Way_test" ENCODING = 'unicode'[0m
  ↳ bin/rails:9
  [1m[35mSQL (0.6ms)[0m  [1m[35mCREATE EXTENSION IF NOT EXISTS "plpgsql"[0m
  ↳ db/schema.rb:16
  [1m[35m (0.3ms)[0m  [1m[35mDROP TABLE IF EXISTS "moons" CASCADE[0m
  ↳ db/schema.rb:18
  [1m[35m (12.7ms)[0m  [1m[35mCREATE TABLE "moons" ("id" bigserial primary key, "name" character varying, "planet_id" integer, "created_at" timestamp NOT NULL, "updated_at" timestamp NOT NULL)[0m
  ↳ db/schema.rb:18
  [1m[35m (0.5ms)[0m  [1m[35mDROP TABLE IF EXISTS "planets" CASCADE[0m
  ↳ db/schema.rb:25
  [1m[35m (8.2ms)[0m  [1m[35mCREATE TABLE "planets" ("id" bigserial primary key, "name" character varying, "solar_system_id" integer, "diameter" integer, "mass" float, "orbital_period" integer, "day_length" integer, "gravity" float, "sun_distance" float, "temperature" integer, "atmosphere" float, "created_at" timestamp NOT NULL, "updated_at" timestamp NOT NULL)[0m
  ↳ db/schema.rb:25
  [1m[35m (0.4ms)[0m  [1m[35mDROP TABLE IF EXISTS "solar_systems" CASCADE[0m
  ↳ db/schema.rb:40
  [1m[35m (6.0ms)[0m  [1m[35mCREATE TABLE "solar_systems" ("id" bigserial primary key, "name" character varying, "created_at" timestamp NOT NULL, "updated_at" timestamp NOT NULL)[0m
  ↳ db/schema.rb:40
  [1m[35m (6.6ms)[0m  [1m[35mCREATE TABLE "schema_migrations" ("version" character varying NOT NULL PRIMARY KEY)[0m
  ↳ db/schema.rb:13
  [1m[35m (1.0ms)[0m  [1m[34mSELECT "schema_migrations"."version" FROM "schema_migrations" ORDER BY "schema_migrations"."version" ASC[0m
  ↳ db/schema.rb:13
  [1m[35m (2.0ms)[0m  [1m[32mINSERT INTO "schema_migrations" (version) VALUES (20190502091023)[0m
  ↳ db/schema.rb:13
  [1m[35m (1.4ms)[0m  [1m[32mINSERT INTO "schema_migrations" (version) VALUES
(20190502090819),
(20190502091005);

[0m
  ↳ db/schema.rb:13
  [1m[35m (8.0ms)[0m  [1m[35mCREATE TABLE "ar_internal_metadata" ("key" character varying NOT NULL PRIMARY KEY, "value" character varying, "created_at" timestamp NOT NULL, "updated_at" timestamp NOT NULL)[0m
  ↳ db/schema.rb:13
  [1m[36mActiveRecord::InternalMetadata Load (0.6ms)[0m  [1m[34mSELECT  "ar_internal_metadata".* FROM "ar_internal_metadata" WHERE "ar_internal_metadata"."key" = $1 LIMIT $2[0m  [["key", "environment"], ["LIMIT", 1]]
  ↳ db/schema.rb:13
  [1m[35m (0.2ms)[0m  [1m[35mBEGIN[0m
  ↳ db/schema.rb:13
  [1m[36mActiveRecord::InternalMetadata Create (0.6ms)[0m  [1m[32mINSERT INTO "ar_internal_metadata" ("key", "value", "created_at", "updated_at") VALUES ($1, $2, $3, $4) RETURNING "key"[0m  [["key", "environment"], ["value", "development"], ["created_at", "2019-05-02 10:54:54.543388"], ["updated_at", "2019-05-02 10:54:54.543388"]]
  ↳ db/schema.rb:13
  [1m[35m (1.4ms)[0m  [1m[35mCOMMIT[0m
  ↳ db/schema.rb:13
  [1m[36mActiveRecord::InternalMetadata Load (0.4ms)[0m  [1m[34mSELECT  "ar_internal_metadata".* FROM "ar_internal_metadata" WHERE "ar_internal_metadata"."key" = $1 LIMIT $2[0m  [["key", "environment"], ["LIMIT", 1]]
  ↳ bin/rails:9
  [1m[35m (0.2ms)[0m  [1m[35mBEGIN[0m
  ↳ bin/rails:9
  [1m[35m (0.2ms)[0m  [1m[35mCOMMIT[0m
  ↳ bin/rails:9
  [1m[35mSQL (0.5ms)[0m  [1m[35mCREATE EXTENSION IF NOT EXISTS "plpgsql"[0m
  ↳ db/schema.rb:16
  [1m[35m (1.2ms)[0m  [1m[35mDROP TABLE IF EXISTS "moons" CASCADE[0m
  ↳ db/schema.rb:18
  [1m[35m (17.6ms)[0m  [1m[35mCREATE TABLE "moons" ("id" bigserial primary key, "name" character varying, "planet_id" integer, "created_at" timestamp NOT NULL, "updated_at" timestamp NOT NULL)[0m
  ↳ db/schema.rb:18
  [1m[35m (1.0ms)[0m  [1m[35mDROP TABLE IF EXISTS "planets" CASCADE[0m
  ↳ db/schema.rb:25
  [1m[35m (7.9ms)[0m  [1m[35mCREATE TABLE "planets" ("id" bigserial primary key, "name" character varying, "solar_system_id" integer, "diameter" integer, "mass" float, "orbital_period" integer, "day_length" integer, "gravity" float, "sun_distance" float, "temperature" integer, "atmosphere" float, "created_at" timestamp NOT NULL, "updated_at" timestamp NOT NULL)[0m
  ↳ db/schema.rb:25
  [1m[35m (0.6ms)[0m  [1m[35mDROP TABLE IF EXISTS "solar_systems" CASCADE[0m
  ↳ db/schema.rb:40
  [1m[35m (8.5ms)[0m  [1m[35mCREATE TABLE "solar_systems" ("id" bigserial primary key, "name" character varying, "created_at" timestamp NOT NULL, "updated_at" timestamp NOT NULL)[0m
  ↳ db/schema.rb:40
  [1m[35m (4.7ms)[0m  [1m[35mCREATE TABLE "schema_migrations" ("version" character varying NOT NULL PRIMARY KEY)[0m
  ↳ db/schema.rb:13
  [1m[35m (3.2ms)[0m  [1m[34mSELECT "schema_migrations"."version" FROM "schema_migrations" ORDER BY "schema_migrations"."version" ASC[0m
  ↳ db/schema.rb:13
  [1m[35m (1.6ms)[0m  [1m[32mINSERT INTO "schema_migrations" (version) VALUES (20190502091023)[0m
  ↳ db/schema.rb:13
  [1m[35m (1.3ms)[0m  [1m[32mINSERT INTO "schema_migrations" (version) VALUES
(20190502090819),
(20190502091005);

[0m
  ↳ db/schema.rb:13
  [1m[35m (8.0ms)[0m  [1m[35mCREATE TABLE "ar_internal_metadata" ("key" character varying NOT NULL PRIMARY KEY, "value" character varying, "created_at" timestamp NOT NULL, "updated_at" timestamp NOT NULL)[0m
  ↳ db/schema.rb:13
  [1m[36mActiveRecord::InternalMetadata Load (0.7ms)[0m  [1m[34mSELECT  "ar_internal_metadata".* FROM "ar_internal_metadata" WHERE "ar_internal_metadata"."key" = $1 LIMIT $2[0m  [["key", "environment"], ["LIMIT", 1]]
  ↳ db/schema.rb:13
  [1m[35m (0.1ms)[0m  [1m[35mBEGIN[0m
  ↳ db/schema.rb:13
  [1m[36mActiveRecord::InternalMetadata Create (0.4ms)[0m  [1m[32mINSERT INTO "ar_internal_metadata" ("key", "value", "created_at", "updated_at") VALUES ($1, $2, $3, $4) RETURNING "key"[0m  [["key", "environment"], ["value", "development"], ["created_at", "2019-05-02 10:54:54.674920"], ["updated_at", "2019-05-02 10:54:54.674920"]]
  ↳ db/schema.rb:13
  [1m[35m (1.0ms)[0m  [1m[35mCOMMIT[0m
  ↳ db/schema.rb:13
  [1m[36mActiveRecord::InternalMetadata Load (0.3ms)[0m  [1m[34mSELECT  "ar_internal_metadata".* FROM "ar_internal_metadata" WHERE "ar_internal_metadata"."key" = $1 LIMIT $2[0m  [["key", "environment"], ["LIMIT", 1]]
  ↳ bin/rails:9
  [1m[35m (0.1ms)[0m  [1m[35mBEGIN[0m
  ↳ bin/rails:9
  [1m[36mActiveRecord::InternalMetadata Update (0.7ms)[0m  [1m[33mUPDATE "ar_internal_metadata" SET "value" = $1, "updated_at" = $2 WHERE "ar_internal_metadata"."key" = $3[0m  [["value", "test"], ["updated_at", "2019-05-02 10:54:54.679806"], ["key", "environment"]]
  ↳ bin/rails:9
  [1m[35m (1.4ms)[0m  [1m[35mCOMMIT[0m
  ↳ bin/rails:9
  [1m[35m (0.9ms)[0m  [1m[34mSELECT "schema_migrations"."version" FROM "schema_migrations" ORDER BY "schema_migrations"."version" ASC[0m
  ↳ bin/rails:9
  [1m[35m (0.1ms)[0m  [1m[35mBEGIN[0m
  ↳ db/seeds.rb:9
  [1m[36mSolarSystem Create (0.8ms)[0m  [1m[32mINSERT INTO "solar_systems" ("name", "created_at", "updated_at") VALUES ($1, $2, $3) RETURNING "id"[0m  [["name", "Milky Way"], ["created_at", "2019-05-02 10:54:54.726217"], ["updated_at", "2019-05-02 10:54:54.726217"]]
  ↳ db/seeds.rb:9
  [1m[35m (46.1ms)[0m  [1m[35mCOMMIT[0m
  ↳ db/seeds.rb:9
  [1m[35m (0.2ms)[0m  [1m[35mBEGIN[0m
  ↳ db/seeds.rb:11
  [1m[36mSolarSystem Load (0.4ms)[0m  [1m[34mSELECT  "solar_systems".* FROM "solar_systems" WHERE "solar_systems"."id" = $1 LIMIT $2[0m  [["id", 1], ["LIMIT", 1]]
  ↳ db/seeds.rb:11
  [1m[36mPlanet Create (0.9ms)[0m  [1m[32mINSERT INTO "planets" ("name", "solar_system_id", "diameter", "mass", "orbital_period", "day_length", "gravity", "sun_distance", "temperature", "atmosphere", "created_at", "updated_at") VALUES ($1, $2, $3, $4, $5, $6, $7, $8, $9, $10, $11, $12) RETURNING "id"[0m  [["name", "Mercury"], ["solar_system_id", 1], ["diameter", 4878], ["mass", 0.06], ["orbital_period", 88], ["day_length", 4222], ["gravity", 3.7], ["sun_distance", 57.9], ["temperature", 167], ["atmosphere", 0.0], ["created_at", "2019-05-02 10:54:54.819520"], ["updated_at", "2019-05-02 10:54:54.819520"]]
  ↳ db/seeds.rb:11
  [1m[35m (41.3ms)[0m  [1m[35mCOMMIT[0m
  ↳ db/seeds.rb:11
  [1m[35m (0.2ms)[0m  [1m[35mBEGIN[0m
  ↳ db/seeds.rb:12
  [1m[36mSolarSystem Load (0.4ms)[0m  [1m[34mSELECT  "solar_systems".* FROM "solar_systems" WHERE "solar_systems"."id" = $1 LIMIT $2[0m  [["id", 1], ["LIMIT", 1]]
  ↳ db/seeds.rb:12
  [1m[36mPlanet Create (0.5ms)[0m  [1m[32mINSERT INTO "planets" ("name", "solar_system_id", "diameter", "mass", "orbital_period", "day_length", "gravity", "sun_distance", "temperature", "atmosphere", "created_at", "updated_at") VALUES ($1, $2, $3, $4, $5, $6, $7, $8, $9, $10, $11, $12) RETURNING "id"[0m  [["name", "Venus"], ["solar_system_id", 1], ["diameter", 12104], ["mass", 0.82], ["orbital_period", 225], ["day_length", 2802], ["gravity", 8.9], ["sun_distance", 108.2], ["temperature", 464], ["atmosphere", 92.0], ["created_at", "2019-05-02 10:54:54.866430"], ["updated_at", "2019-05-02 10:54:54.866430"]]
  ↳ db/seeds.rb:12
  [1m[35m (1.2ms)[0m  [1m[35mCOMMIT[0m
  ↳ db/seeds.rb:12
  [1m[35m (0.2ms)[0m  [1m[35mBEGIN[0m
  ↳ db/seeds.rb:13
  [1m[36mSolarSystem Load (0.4ms)[0m  [1m[34mSELECT  "solar_systems".* FROM "solar_systems" WHERE "solar_systems"."id" = $1 LIMIT $2[0m  [["id", 1], ["LIMIT", 1]]
  ↳ db/seeds.rb:13
  [1m[36mPlanet Create (0.5ms)[0m  [1m[32mINSERT INTO "planets" ("name", "solar_system_id", "diameter", "mass", "orbital_period", "day_length", "gravity", "sun_distance", "temperature", "atmosphere", "created_at", "updated_at") VALUES ($1, $2, $3, $4, $5, $6, $7, $8, $9, $10, $11, $12) RETURNING "id"[0m  [["name", "Earth"], ["solar_system_id", 1], ["diameter", 12756], ["mass", 1.0], ["orbital_period", 365], ["day_length", 24], ["gravity", 9.8], ["sun_distance", 149.6], ["temperature", -15], ["atmosphere", 1.0], ["created_at", "2019-05-02 10:54:54.878263"], ["updated_at", "2019-05-02 10:54:54.878263"]]
  ↳ db/seeds.rb:13
  [1m[35m (1.2ms)[0m  [1m[35mCOMMIT[0m
  ↳ db/seeds.rb:13
  [1m[35m (0.2ms)[0m  [1m[35mBEGIN[0m
  ↳ db/seeds.rb:14
  [1m[36mSolarSystem Load (0.4ms)[0m  [1m[34mSELECT  "solar_systems".* FROM "solar_systems" WHERE "solar_systems"."id" = $1 LIMIT $2[0m  [["id", 1], ["LIMIT", 1]]
  ↳ db/seeds.rb:14
  [1m[36mPlanet Create (0.5ms)[0m  [1m[32mINSERT INTO "planets" ("name", "solar_system_id", "diameter", "mass", "orbital_period", "day_length", "gravity", "sun_distance", "temperature", "atmosphere", "created_at", "updated_at") VALUES ($1, $2, $3, $4, $5, $6, $7, $8, $9, $10, $11, $12) RETURNING "id"[0m  [["name", "Mars"], ["solar_system_id", 1], ["diameter", 6792], ["mass", 0.11], ["orbital_period", 687], ["day_length", 708], ["gravity", 3.7], ["sun_distance", 227.9], ["temperature", -65], ["atmosphere", 0.01], ["created_at", "2019-05-02 10:54:54.883660"], ["updated_at", "2019-05-02 10:54:54.883660"]]
  ↳ db/seeds.rb:14
  [1m[35m (1.5ms)[0m  [1m[35mCOMMIT[0m
  ↳ db/seeds.rb:14
  [1m[35m (0.1ms)[0m  [1m[35mBEGIN[0m
  ↳ db/seeds.rb:15
  [1m[36mSolarSystem Load (0.3ms)[0m  [1m[34mSELECT  "solar_systems".* FROM "solar_systems" WHERE "solar_systems"."id" = $1 LIMIT $2[0m  [["id", 1], ["LIMIT", 1]]
  ↳ db/seeds.rb:15
  [1m[36mPlanet Create (0.4ms)[0m  [1m[32mINSERT INTO "planets" ("name", "solar_system_id", "diameter", "mass", "orbital_period", "day_length", "gravity", "sun_distance", "temperature", "atmosphere", "created_at", "updated_at") VALUES ($1, $2, $3, $4, $5, $6, $7, $8, $9, $10, $11, $12) RETURNING "id"[0m  [["name", "Jupiter"], ["solar_system_id", 1], ["diameter", 142984], ["mass", 317.89], ["orbital_period", 4331], ["day_length", 9], ["gravity", 23.1], ["sun_distance", 778.6], ["temperature", -110], ["atmosphere", 0.0], ["created_at", "2019-05-02 10:54:54.888694"], ["updated_at", "2019-05-02 10:54:54.888694"]]
  ↳ db/seeds.rb:15
  [1m[35m (1.2ms)[0m  [1m[35mCOMMIT[0m
  ↳ db/seeds.rb:15
  [1m[35m (0.2ms)[0m  [1m[35mBEGIN[0m
  ↳ db/seeds.rb:16
  [1m[36mSolarSystem Load (0.3ms)[0m  [1m[34mSELECT  "solar_systems".* FROM "solar_systems" WHERE "solar_systems"."id" = $1 LIMIT $2[0m  [["id", 1], ["LIMIT", 1]]
  ↳ db/seeds.rb:16
  [1m[36mPlanet Create (0.4ms)[0m  [1m[32mINSERT INTO "planets" ("name", "solar_system_id", "diameter", "mass", "orbital_period", "day_length", "gravity", "sun_distance", "temperature", "atmosphere", "created_at", "updated_at") VALUES ($1, $2, $3, $4, $5, $6, $7, $8, $9, $10, $11, $12) RETURNING "id"[0m  [["name", "Saturn"], ["solar_system_id", 1], ["diameter", 120536], ["mass", 95.17], ["orbital_period", 10747], ["day_length", 10], ["gravity", 9.8], ["sun_distance", 1433.5], ["temperature", -140], ["atmosphere", 0.0], ["created_at", "2019-05-02 10:54:54.893268"], ["updated_at", "2019-05-02 10:54:54.893268"]]
  ↳ db/seeds.rb:16
  [1m[35m (1.5ms)[0m  [1m[35mCOMMIT[0m
  ↳ db/seeds.rb:16
  [1m[35m (0.2ms)[0m  [1m[35mBEGIN[0m
  ↳ db/seeds.rb:17
  [1m[36mSolarSystem Load (0.3ms)[0m  [1m[34mSELECT  "solar_systems".* FROM "solar_systems" WHERE "solar_systems"."id" = $1 LIMIT $2[0m  [["id", 1], ["LIMIT", 1]]
  ↳ db/seeds.rb:17
  [1m[36mPlanet Create (0.4ms)[0m  [1m[32mINSERT INTO "planets" ("name", "solar_system_id", "diameter", "mass", "orbital_period", "day_length", "gravity", "sun_distance", "temperature", "atmosphere", "created_at", "updated_at") VALUES ($1, $2, $3, $4, $5, $6, $7, $8, $9, $10, $11, $12) RETURNING "id"[0m  [["name", "Uranus"], ["solar_system_id", 1], ["diameter", 51118], ["mass", 0.11], ["orbital_period", 30589], ["day_length", 17], ["gravity", 8.7], ["sun_distance", 2872.5], ["temperature", -167], ["atmosphere", 0.0], ["created_at", "2019-05-02 10:54:54.898265"], ["updated_at", "2019-05-02 10:54:54.898265"]]
  ↳ db/seeds.rb:17
  [1m[35m (1.3ms)[0m  [1m[35mCOMMIT[0m
  ↳ db/seeds.rb:17
  [1m[35m (0.2ms)[0m  [1m[35mBEGIN[0m
  ↳ db/seeds.rb:18
  [1m[36mSolarSystem Load (0.2ms)[0m  [1m[34mSELECT  "solar_systems".* FROM "solar_systems" WHERE "solar_systems"."id" = $1 LIMIT $2[0m  [["id", 1], ["LIMIT", 1]]
  ↳ db/seeds.rb:18
  [1m[36mPlanet Create (0.4ms)[0m  [1m[32mINSERT INTO "planets" ("name", "solar_system_id", "diameter", "mass", "orbital_period", "day_length", "gravity", "sun_distance", "temperature", "atmosphere", "created_at", "updated_at") VALUES ($1, $2, $3, $4, $5, $6, $7, $8, $9, $10, $11, $12) RETURNING "id"[0m  [["name", "Neptune"], ["solar_system_id", 1], ["diameter", 49528], ["mass", 17.24], ["orbital_period", 59800], ["day_length", 16], ["gravity", 11.0], ["sun_distance", 4495.1], ["temperature", -200], ["atmosphere", 0.0], ["created_at", "2019-05-02 10:54:54.902824"], ["updated_at", "2019-05-02 10:54:54.902824"]]
  ↳ db/seeds.rb:18
  [1m[35m (1.2ms)[0m  [1m[35mCOMMIT[0m
  ↳ db/seeds.rb:18
  [1m[35m (0.5ms)[0m  [1m[34mSELECT pg_try_advisory_lock(5381952802427419155)[0m
  ↳ bin/rails:9
  [1m[35m (1.3ms)[0m  [1m[34mSELECT "schema_migrations"."version" FROM "schema_migrations" ORDER BY "schema_migrations"."version" ASC[0m
  ↳ bin/rails:9
  [1m[36mActiveRecord::InternalMetadata Load (0.5ms)[0m  [1m[34mSELECT  "ar_internal_metadata".* FROM "ar_internal_metadata" WHERE "ar_internal_metadata"."key" = $1 LIMIT $2[0m  [["key", "environment"], ["LIMIT", 1]]
  ↳ bin/rails:9
  [1m[35m (0.2ms)[0m  [1m[35mBEGIN[0m
  ↳ bin/rails:9
  [1m[35m (0.1ms)[0m  [1m[35mCOMMIT[0m
  ↳ bin/rails:9
  [1m[35m (0.4ms)[0m  [1m[34mSELECT pg_advisory_unlock(5381952802427419155)[0m
  ↳ bin/rails:9
  [1m[35m (0.3ms)[0m  [1m[34mSELECT "schema_migrations"."version" FROM "schema_migrations" ORDER BY "schema_migrations"."version" ASC[0m
  ↳ bin/rails:9
Started GET "/planets" for ::1 at 2019-05-02 11:55:01 +0100
Processing by PlanetsController#index as HTML
  [1m[36mPlanet Load (1.1ms)[0m  [1m[34mSELECT "planets".* FROM "planets"[0m
  ↳ app/controllers/planets_controller.rb:4
No serializer found for resource: #<Planet id: 1, name: "Mercury", solar_system_id: 1, diameter: 4878, mass: 0.06, orbital_period: 88, day_length: 4222, gravity: 3.7, sun_distance: 57.9, temperature: 167, atmosphere: 0.0, created_at: "2019-05-02 10:54:54", updated_at: "2019-05-02 10:54:54">
[active_model_serializers] Rendered ActiveModel::Serializer::CollectionSerializer with Planet::ActiveRecord_Relation (1.72ms)
Completed 200 OK in 58ms (Views: 42.1ms | ActiveRecord: 11.9ms)


